Creating log file at /home/sinhas21/anand/ui/vatstests/ui/testcases/gui/vats_logs/vats_execute_20181211180936391961.log
Running on system: rowan

found extension EntryPoint.parse('default = vats.commands.execute:DefaultFormatter')
found extension EntryPoint.parse('line = vats.commands.execute:LineFormatter')
found extension EntryPoint.parse('prove = vats.commands.execute:ProveFormatter')
Submitting old persisted test runs to database ......................00:00:00 ok

Executing tests in /home/sinhas21/anand/ui/vatstests/ui/testcases/gui/test_create_distributed_devices.py
Logs located at: /home/sinhas21/anand/ui/vatstests/ui/testcases/gui/vats_logs/test_create_distributed_devices_20181211180936406971
    CreateDistributedDeviceTest.test_verification_create_device_w .00:01:10 pass
Starting new HTTP connection (1): zeph-auto-metrics.spgear.lab.emc.com
http://zeph-auto-metrics.spgear.lab.emc.com:80 "GET /vats/metrics/api/v1/testruns/e2fcbe09053d4b7f93c4fbd3e6ca5f40 HTTP/1.1" 404 None
http://zeph-auto-metrics.spgear.lab.emc.com:80 "GET /vats/metrics/api/v1/system/?name=rowan HTTP/1.1" 200 None
http://zeph-auto-metrics.spgear.lab.emc.com:80 "GET /vats/metrics/api/v1/testruns/e2fcbe09053d4b7f93c4fbd3e6ca5f40 HTTP/1.1" 404 None
http://zeph-auto-metrics.spgear.lab.emc.com:80 "POST /vats/metrics/api/v1/testruns/ HTTP/1.1" 201 386
http://zeph-auto-metrics.spgear.lab.emc.com:80 "GET /vats/metrics/api/v1/testruns/e2fcbe09053d4b7f93c4fbd3e6ca5f40 HTTP/1.1" 200 None
http://zeph-auto-metrics.spgear.lab.emc.com:80 "GET /vats/metrics/api/v1/testruns/e2fcbe09053d4b7f93c4fbd3e6ca5f40 HTTP/1.1" 200 None
http://zeph-auto-metrics.spgear.lab.emc.com:80 "PUT /vats/metrics/api/v1/testruns/e2fcbe09053d4b7f93c4fbd3e6ca5f40 HTTP/1.1" 200 None
    CreateDistributedDeviceTest.test_verification_for_all_movemen .00:05:26 pass
Resetting dropped connection: zeph-auto-metrics.spgear.lab.emc.com
http://zeph-auto-metrics.spgear.lab.emc.com:80 "GET /vats/metrics/api/v1/testruns/47b87427082f4749b84a3bf3f4d61e6a HTTP/1.1" 404 None
http://zeph-auto-metrics.spgear.lab.emc.com:80 "GET /vats/metrics/api/v1/system/?name=rowan HTTP/1.1" 200 None
http://zeph-auto-metrics.spgear.lab.emc.com:80 "GET /vats/metrics/api/v1/testruns/47b87427082f4749b84a3bf3f4d61e6a HTTP/1.1" 404 None
http://zeph-auto-metrics.spgear.lab.emc.com:80 "POST /vats/metrics/api/v1/testruns/ HTTP/1.1" 201 369
http://zeph-auto-metrics.spgear.lab.emc.com:80 "GET /vats/metrics/api/v1/testruns/47b87427082f4749b84a3bf3f4d61e6a HTTP/1.1" 200 None
http://zeph-auto-metrics.spgear.lab.emc.com:80 "GET /vats/metrics/api/v1/testruns/47b87427082f4749b84a3bf3f4d61e6a HTTP/1.1" 200 None
http://zeph-auto-metrics.spgear.lab.emc.com:80 "PUT /vats/metrics/api/v1/testruns/47b87427082f4749b84a3bf3f4d61e6a HTTP/1.1" 200 None
    CreateDistributedDeviceTest.test_verification_to_cancel_distr .00:01:09 pass
Resetting dropped connection: zeph-auto-metrics.spgear.lab.emc.com
http://zeph-auto-metrics.spgear.lab.emc.com:80 "GET /vats/metrics/api/v1/testruns/12cb1c3fd81b4249879cadfc78cd74e1 HTTP/1.1" 404 None
http://zeph-auto-metrics.spgear.lab.emc.com:80 "GET /vats/metrics/api/v1/system/?name=rowan HTTP/1.1" 200 None
http://zeph-auto-metrics.spgear.lab.emc.com:80 "GET /vats/metrics/api/v1/testruns/12cb1c3fd81b4249879cadfc78cd74e1 HTTP/1.1" 404 None
http://zeph-auto-metrics.spgear.lab.emc.com:80 "POST /vats/metrics/api/v1/testruns/ HTTP/1.1" 201 378
http://zeph-auto-metrics.spgear.lab.emc.com:80 "GET /vats/metrics/api/v1/testruns/12cb1c3fd81b4249879cadfc78cd74e1 HTTP/1.1" 200 None
http://zeph-auto-metrics.spgear.lab.emc.com:80 "GET /vats/metrics/api/v1/testruns/12cb1c3fd81b4249879cadfc78cd74e1 HTTP/1.1" 200 None
http://zeph-auto-metrics.spgear.lab.emc.com:80 "PUT /vats/metrics/api/v1/testruns/12cb1c3fd81b4249879cadfc78cd74e1 HTTP/1.1" 200 None
    CreateDistributedDeviceTest.test_verification_to_create_devic .00:01:10 pass
Resetting dropped connection: zeph-auto-metrics.spgear.lab.emc.com
http://zeph-auto-metrics.spgear.lab.emc.com:80 "GET /vats/metrics/api/v1/testruns/dd5e958a46d0411282802d2ae0c018f2 HTTP/1.1" 404 None
http://zeph-auto-metrics.spgear.lab.emc.com:80 "GET /vats/metrics/api/v1/system/?name=rowan HTTP/1.1" 200 None
http://zeph-auto-metrics.spgear.lab.emc.com:80 "GET /vats/metrics/api/v1/testruns/dd5e958a46d0411282802d2ae0c018f2 HTTP/1.1" 404 None
http://zeph-auto-metrics.spgear.lab.emc.com:80 "POST /vats/metrics/api/v1/testruns/ HTTP/1.1" 201 384
http://zeph-auto-metrics.spgear.lab.emc.com:80 "GET /vats/metrics/api/v1/testruns/dd5e958a46d0411282802d2ae0c018f2 HTTP/1.1" 200 None
http://zeph-auto-metrics.spgear.lab.emc.com:80 "GET /vats/metrics/api/v1/testruns/dd5e958a46d0411282802d2ae0c018f2 HTTP/1.1" 200 None
http://zeph-auto-metrics.spgear.lab.emc.com:80 "PUT /vats/metrics/api/v1/testruns/dd5e958a46d0411282802d2ae0c018f2 HTTP/1.1" 200 None
    CreateDistributedDeviceTest.test_verification_to_create_devic .00:01:10 pass
Resetting dropped connection: zeph-auto-metrics.spgear.lab.emc.com
http://zeph-auto-metrics.spgear.lab.emc.com:80 "GET /vats/metrics/api/v1/testruns/7a694aff48284927ab96b8c212e37f2d HTTP/1.1" 404 None
http://zeph-auto-metrics.spgear.lab.emc.com:80 "GET /vats/metrics/api/v1/system/?name=rowan HTTP/1.1" 200 None
http://zeph-auto-metrics.spgear.lab.emc.com:80 "GET /vats/metrics/api/v1/testruns/7a694aff48284927ab96b8c212e37f2d HTTP/1.1" 404 None
http://zeph-auto-metrics.spgear.lab.emc.com:80 "POST /vats/metrics/api/v1/testruns/ HTTP/1.1" 201 371
http://zeph-auto-metrics.spgear.lab.emc.com:80 "GET /vats/metrics/api/v1/testruns/7a694aff48284927ab96b8c212e37f2d HTTP/1.1" 200 None
http://zeph-auto-metrics.spgear.lab.emc.com:80 "GET /vats/metrics/api/v1/testruns/7a694aff48284927ab96b8c212e37f2d HTTP/1.1" 200 None
http://zeph-auto-metrics.spgear.lab.emc.com:80 "PUT /vats/metrics/api/v1/testruns/7a694aff48284927ab96b8c212e37f2d HTTP/1.1" 200 None
    CreateDistributedDeviceTest.test_verification_to_export_mirro .00:00:57 pass
http://zeph-auto-metrics.spgear.lab.emc.com:80 "GET /vats/metrics/api/v1/testruns/4564aeeeab5f417e81e1bd9c09189212 HTTP/1.1" 404 None
http://zeph-auto-metrics.spgear.lab.emc.com:80 "GET /vats/metrics/api/v1/system/?name=rowan HTTP/1.1" 200 None
http://zeph-auto-metrics.spgear.lab.emc.com:80 "GET /vats/metrics/api/v1/testruns/4564aeeeab5f417e81e1bd9c09189212 HTTP/1.1" 404 None
http://zeph-auto-metrics.spgear.lab.emc.com:80 "POST /vats/metrics/api/v1/testruns/ HTTP/1.1" 201 370
http://zeph-auto-metrics.spgear.lab.emc.com:80 "GET /vats/metrics/api/v1/testruns/4564aeeeab5f417e81e1bd9c09189212 HTTP/1.1" 200 None
http://zeph-auto-metrics.spgear.lab.emc.com:80 "GET /vats/metrics/api/v1/testruns/4564aeeeab5f417e81e1bd9c09189212 HTTP/1.1" 200 None
http://zeph-auto-metrics.spgear.lab.emc.com:80 "PUT /vats/metrics/api/v1/testruns/4564aeeeab5f417e81e1bd9c09189212 HTTP/1.1" 200 None
    CreateDistributedDeviceTest.test_verification_to_remove_selec .00:00:56 pass
http://zeph-auto-metrics.spgear.lab.emc.com:80 "GET /vats/metrics/api/v1/testruns/99af51667af64990884d6c1140b0fbb8 HTTP/1.1" 404 None
http://zeph-auto-metrics.spgear.lab.emc.com:80 "GET /vats/metrics/api/v1/system/?name=rowan HTTP/1.1" 200 None
http://zeph-auto-metrics.spgear.lab.emc.com:80 "GET /vats/metrics/api/v1/testruns/99af51667af64990884d6c1140b0fbb8 HTTP/1.1" 404 None
http://zeph-auto-metrics.spgear.lab.emc.com:80 "POST /vats/metrics/api/v1/testruns/ HTTP/1.1" 201 366
http://zeph-auto-metrics.spgear.lab.emc.com:80 "GET /vats/metrics/api/v1/testruns/99af51667af64990884d6c1140b0fbb8 HTTP/1.1" 200 None
http://zeph-auto-metrics.spgear.lab.emc.com:80 "GET /vats/metrics/api/v1/testruns/99af51667af64990884d6c1140b0fbb8 HTTP/1.1" 200 None
http://zeph-auto-metrics.spgear.lab.emc.com:80 "PUT /vats/metrics/api/v1/testruns/99af51667af64990884d6c1140b0fbb8 HTTP/1.1" 200 None
reported failures: 0
exit code: 0


=========================
 Test Case Suite Summary
=========================

Ran 7 tests in 00:12:30
    Passes: 7
    Expected Failures: 0
    Skips: 0
    Fails: 0
    Unexpected Successes: 0


Logs are located at: /home/sinhas21/anand/ui/vatstests/ui/testcases/gui/vats_logs
